[2020-06-06 19:31:20] dev.ERROR: ErrorException: file_get_contents(C:\xampp\htdocs\MariaOctober/themes/mariatheme/assets/scss/style.scss): failed to open stream: No such file or directory in C:\xampp\htdocs\MariaOctober\vendor\october\rain\src\Parse\Assetic\ScssCompiler.php:75
Stack trace:
#0 [internal function]: Illuminate\Foundation\Bootstrap\HandleExceptions->handleError(2, 'file_get_conten...', 'C:\\xampp\\htdocs...', 75, Array)
#1 C:\xampp\htdocs\MariaOctober\vendor\october\rain\src\Parse\Assetic\ScssCompiler.php(75): file_get_contents('C:\\xampp\\htdocs...')
#2 C:\xampp\htdocs\MariaOctober\modules\system\classes\CombineAssets.php(494): October\Rain\Parse\Assetic\ScssCompiler->hashAsset('C:\\xampp\\htdocs...', 'C:\\xampp\\htdocs...')
#3 C:\xampp\htdocs\MariaOctober\modules\system\classes\CombineAssets.php(818): System\Classes\CombineAssets->getDeepHashFromAssets(Array)
#4 C:\xampp\htdocs\MariaOctober\modules\system\classes\CombineAssets.php(375): System\Classes\CombineAssets->getCacheKey(Array)
#5 C:\xampp\htdocs\MariaOctober\modules\system\classes\CombineAssets.php(183): System\Classes\CombineAssets->prepareRequest(Array, 'C:\\xampp\\htdocs...')
#6 C:\xampp\htdocs\MariaOctober\modules\cms\classes\Controller.php(1377): System\Classes\CombineAssets::combine(Array, 'C:\\xampp\\htdocs...')
#7 C:\xampp\htdocs\MariaOctober\modules\cms\twig\Extension.php(172): Cms\Classes\Controller->themeUrl(Array)
#8 C:\xampp\htdocs\MariaOctober\storage\cms\twig\3d\3de54404984b7eede2238d61ca88de475bd10c41f8b402747233e209a5e4f90b.php(111): Cms\Twig\Extension->themeFilter(Array)
#9 C:\xampp\htdocs\MariaOctober\vendor\twig\twig\src\Template.php(407): __TwigTemplate_4a4967bff451b2a7e69fc00f024a64c30182f9759809d6b6cabadcd9768e8e55->doDisplay(Array, Array)
#10 C:\xampp\htdocs\MariaOctober\vendor\twig\twig\src\Template.php(380): Twig\Template->displayWithErrorHandling(Array, Array)
#11 C:\xampp\htdocs\MariaOctober\vendor\twig\twig\src\Template.php(392): Twig\Template->display(Array)
#12 C:\xampp\htdocs\MariaOctober\modules\cms\classes\Controller.php(433): Twig\Template->render(Array)
#13 C:\xampp\htdocs\MariaOctober\modules\cms\classes\Controller.php(223): Cms\Classes\Controller->runPage(Object(Cms\Classes\Page))
#14 C:\xampp\htdocs\MariaOctober\modules\cms\classes\CmsController.php(50): Cms\Classes\Controller->run('/')
#15 [internal function]: Cms\Classes\CmsController->run('/')
#16 C:\xampp\htdocs\MariaOctober\vendor\laravel\framework\src\Illuminate\Routing\Controller.php(54): call_user_func_array(Array, Array)
#17 C:\xampp\htdocs\MariaOctober\vendor\laravel\framework\src\Illuminate\Routing\ControllerDispatcher.php(45): Illuminate\Routing\Controller->callAction('run', Array)
#18 C:\xampp\htdocs\MariaOctober\vendor\laravel\framework\src\Illuminate\Routing\Route.php(212): Illuminate\Routing\ControllerDispatcher->dispatch(Object(Illuminate\Routing\Route), Object(Cms\Classes\CmsController), 'run')
#19 C:\xampp\htdocs\MariaOctober\vendor\laravel\framework\src\Illuminate\Routing\Route.php(169): Illuminate\Routing\Route->runController()
#20 C:\xampp\htdocs\MariaOctober\vendor\laravel\framework\src\Illuminate\Routing\Router.php(658): Illuminate\Routing\Route->run()
#21 C:\xampp\htdocs\MariaOctober\vendor\laravel\framework\src\Illuminate\Routing\Pipeline.php(30): Illuminate\Routing\Router->Illuminate\Routing\{closure}(Object(Illuminate\Http\Request))
#22 C:\xampp\htdocs\MariaOctober\vendor\laravel\framework\src\Illuminate\Routing\Middleware\SubstituteBindings.php(41): Illuminate\Routing\Pipeline->Illuminate\Routing\{closure}(Object(Illuminate\Http\Request))
#23 C:\xampp\htdocs\MariaOctober\vendor\laravel\framework\src\Illuminate\Pipeline\Pipeline.php(149): Illuminate\Routing\Middleware\SubstituteBindings->handle(Object(Illuminate\Http\Request), Object(Closure))
#24 C:\xampp\htdocs\MariaOctober\vendor\laravel\framework\src\Illuminate\Routing\Pipeline.php(53): Illuminate\Pipeline\Pipeline->Illuminate\Pipeline\{closure}(Object(Illuminate\Http\Request))
#25 C:\xampp\htdocs\MariaOctober\vendor\laravel\framework\src\Illuminate\View\Middleware\ShareErrorsFromSession.php(49): Illuminate\Routing\Pipeline->Illuminate\Routing\{closure}(Object(Illuminate\Http\Request))
#26 C:\xampp\htdocs\MariaOctober\vendor\laravel\framework\src\Illuminate\Pipeline\Pipeline.php(149): Illuminate\View\Middleware\ShareErrorsFromSession->handle(Object(Illuminate\Http\Request), Object(Closure))
#27 C:\xampp\htdocs\MariaOctober\vendor\laravel\framework\src\Illuminate\Routing\Pipeline.php(53): Illuminate\Pipeline\Pipeline->Illuminate\Pipeline\{closure}(Object(Illuminate\Http\Request))
#28 C:\xampp\htdocs\MariaOctober\vendor\laravel\framework\src\Illuminate\Session\Middleware\StartSession.php(63): Illuminate\Routing\Pipeline->Illuminate\Routing\{closure}(Object(Illuminate\Http\Request))
#29 C:\xampp\htdocs\MariaOctober\vendor\laravel\framework\src\Illuminate\Pipeline\Pipeline.php(149): Illuminate\Session\Middleware\StartSession->handle(Object(Illuminate\Http\Request), Object(Closure))
#30 C:\xampp\htdocs\MariaOctober\vendor\laravel\framework\src\Illuminate\Routing\Pipeline.php(53): Illuminate\Pipeline\Pipeline->Illuminate\Pipeline\{closure}(Object(Illuminate\Http\Request))
#31 C:\xampp\htdocs\MariaOctober\vendor\laravel\framework\src\Illuminate\Cookie\Middleware\AddQueuedCookiesToResponse.php(37): Illuminate\Routing\Pipeline->Illuminate\Routing\{closure}(Object(Illuminate\Http\Request))
#32 C:\xampp\htdocs\MariaOctober\vendor\laravel\framework\src\Illuminate\Pipeline\Pipeline.php(149): Illuminate\Cookie\Middleware\AddQueuedCookiesToResponse->handle(Object(Illuminate\Http\Request), Object(Closure))
#33 C:\xampp\htdocs\MariaOctober\vendor\laravel\framework\src\Illuminate\Routing\Pipeline.php(53): Illuminate\Pipeline\Pipeline->Illuminate\Pipeline\{closure}(Object(Illuminate\Http\Request))
#34 C:\xampp\htdocs\MariaOctober\vendor\laravel\framework\src\Illuminate\Cookie\Middleware\EncryptCookies.php(66): Illuminate\Routing\Pipeline->Illuminate\Routing\{closure}(Object(Illuminate\Http\Request))
#35 C:\xampp\htdocs\MariaOctober\vendor\laravel\framework\src\Illuminate\Pipeline\Pipeline.php(149): Illuminate\Cookie\Middleware\EncryptCookies->handle(Object(Illuminate\Http\Request), Object(Closure))
#36 C:\xampp\htdocs\MariaOctober\vendor\laravel\framework\src\Illuminate\Routing\Pipeline.php(53): Illuminate\Pipeline\Pipeline->Illuminate\Pipeline\{closure}(Object(Illuminate\Http\Request))
#37 C:\xampp\htdocs\MariaOctober\vendor\laravel\framework\src\Illuminate\Pipeline\Pipeline.php(102): Illuminate\Routing\Pipeline->Illuminate\Routing\{closure}(Object(Illuminate\Http\Request))
#38 C:\xampp\htdocs\MariaOctober\vendor\laravel\framework\src\Illuminate\Routing\Router.php(660): Illuminate\Pipeline\Pipeline->then(Object(Closure))
#39 C:\xampp\htdocs\MariaOctober\vendor\laravel\framework\src\Illuminate\Routing\Router.php(635): Illuminate\Routing\Router->runRouteWithinStack(Object(Illuminate\Routing\Route), Object(Illuminate\Http\Request))
#40 C:\xampp\htdocs\MariaOctober\vendor\laravel\framework\src\Illuminate\Routing\Router.php(601): Illuminate\Routing\Router->runRoute(Object(Illuminate\Http\Request), Object(Illuminate\Routing\Route))
#41 C:\xampp\htdocs\MariaOctober\vendor\october\rain\src\Router\CoreRouter.php(20): Illuminate\Routing\Router->dispatchToRoute(Object(Illuminate\Http\Request))
#42 C:\xampp\htdocs\MariaOctober\vendor\laravel\framework\src\Illuminate\Foundation\Http\Kernel.php(176): October\Rain\Router\CoreRouter->dispatch(Object(Illuminate\Http\Request))
#43 C:\xampp\htdocs\MariaOctober\vendor\laravel\framework\src\Illuminate\Routing\Pipeline.php(30): Illuminate\Foundation\Http\Kernel->Illuminate\Foundation\Http\{closure}(Object(Illuminate\Http\Request))
#44 C:\xampp\htdocs\MariaOctober\vendor\laravel\framework\src\Illuminate\Foundation\Http\Middleware\CheckForMaintenanceMode.php(46): Illuminate\Routing\Pipeline->Illuminate\Routing\{closure}(Object(Illuminate\Http\Request))
#45 C:\xampp\htdocs\MariaOctober\vendor\october\rain\src\Foundation\Http\Middleware\CheckForMaintenanceMode.php(24): Illuminate\Foundation\Http\Middleware\CheckForMaintenanceMode->handle(Object(Illuminate\Http\Request), Object(Closure))
#46 C:\xampp\htdocs\MariaOctober\vendor\laravel\framework\src\Illuminate\Pipeline\Pipeline.php(149): October\Rain\Foundation\Http\Middleware\CheckForMaintenanceMode->handle(Object(Illuminate\Http\Request), Object(Closure))
#47 C:\xampp\htdocs\MariaOctober\vendor\laravel\framework\src\Illuminate\Routing\Pipeline.php(53): Illuminate\Pipeline\Pipeline->Illuminate\Pipeline\{closure}(Object(Illuminate\Http\Request))
#48 C:\xampp\htdocs\MariaOctober\vendor\laravel\framework\src\Illuminate\Pipeline\Pipeline.php(102): Illuminate\Routing\Pipeline->Illuminate\Routing\{closure}(Object(Illuminate\Http\Request))
#49 C:\xampp\htdocs\MariaOctober\vendor\laravel\framework\src\Illuminate\Foundation\Http\Kernel.php(151): Illuminate\Pipeline\Pipeline->then(Object(Closure))
#50 C:\xampp\htdocs\MariaOctober\vendor\laravel\framework\src\Illuminate\Foundation\Http\Kernel.php(116): Illuminate\Foundation\Http\Kernel->sendRequestThroughRouter(Object(Illuminate\Http\Request))
#51 C:\xampp\htdocs\MariaOctober\index.php(43): Illuminate\Foundation\Http\Kernel->handle(Object(Illuminate\Http\Request))
#52 {main}

Next Twig\Error\RuntimeError: An exception has been thrown during the rendering of a template ("file_get_contents(C:\xampp\htdocs\MariaOctober/themes/mariatheme/assets/scss/style.scss): failed to open stream: No such file or directory") in "C:\xampp\htdocs\MariaOctober/themes/mariatheme/layouts/default.htm" at line 31. in C:\xampp\htdocs\MariaOctober\vendor\twig\twig\src\Template.php:421
Stack trace:
#0 C:\xampp\htdocs\MariaOctober\vendor\twig\twig\src\Template.php(380): Twig\Template->displayWithErrorHandling(Array, Array)
#1 C:\xampp\htdocs\MariaOctober\vendor\twig\twig\src\Template.php(392): Twig\Template->display(Array)
#2 C:\xampp\htdocs\MariaOctober\modules\cms\classes\Controller.php(433): Twig\Template->render(Array)
#3 C:\xampp\htdocs\MariaOctober\modules\cms\classes\Controller.php(223): Cms\Classes\Controller->runPage(Object(Cms\Classes\Page))
#4 C:\xampp\htdocs\MariaOctober\modules\cms\classes\CmsController.php(50): Cms\Classes\Controller->run('/')
#5 [internal function]: Cms\Classes\CmsController->run('/')
#6 C:\xampp\htdocs\MariaOctober\vendor\laravel\framework\src\Illuminate\Routing\Controller.php(54): call_user_func_array(Array, Array)
#7 C:\xampp\htdocs\MariaOctober\vendor\laravel\framework\src\Illuminate\Routing\ControllerDispatcher.php(45): Illuminate\Routing\Controller->callAction('run', Array)
#8 C:\xampp\htdocs\MariaOctober\vendor\laravel\framework\src\Illuminate\Routing\Route.php(212): Illuminate\Routing\ControllerDispatcher->dispatch(Object(Illuminate\Routing\Route), Object(Cms\Classes\CmsController), 'run')
#9 C:\xampp\htdocs\MariaOctober\vendor\laravel\framework\src\Illuminate\Routing\Route.php(169): Illuminate\Routing\Route->runController()
#10 C:\xampp\htdocs\MariaOctober\vendor\laravel\framework\src\Illuminate\Routing\Router.php(658): Illuminate\Routing\Route->run()
#11 C:\xampp\htdocs\MariaOctober\vendor\laravel\framework\src\Illuminate\Routing\Pipeline.php(30): Illuminate\Routing\Router->Illuminate\Routing\{closure}(Object(Illuminate\Http\Request))
#12 C:\xampp\htdocs\MariaOctober\vendor\laravel\framework\src\Illuminate\Routing\Middleware\SubstituteBindings.php(41): Illuminate\Routing\Pipeline->Illuminate\Routing\{closure}(Object(Illuminate\Http\Request))
#13 C:\xampp\htdocs\MariaOctober\vendor\laravel\framework\src\Illuminate\Pipeline\Pipeline.php(149): Illuminate\Routing\Middleware\SubstituteBindings->handle(Object(Illuminate\Http\Request), Object(Closure))
#14 C:\xampp\htdocs\MariaOctober\vendor\laravel\framework\src\Illuminate\Routing\Pipeline.php(53): Illuminate\Pipeline\Pipeline->Illuminate\Pipeline\{closure}(Object(Illuminate\Http\Request))
#15 C:\xampp\htdocs\MariaOctober\vendor\laravel\framework\src\Illuminate\View\Middleware\ShareErrorsFromSession.php(49): Illuminate\Routing\Pipeline->Illuminate\Routing\{closure}(Object(Illuminate\Http\Request))
#16 C:\xampp\htdocs\MariaOctober\vendor\laravel\framework\src\Illuminate\Pipeline\Pipeline.php(149): Illuminate\View\Middleware\ShareErrorsFromSession->handle(Object(Illuminate\Http\Request), Object(Closure))
#17 C:\xampp\htdocs\MariaOctober\vendor\laravel\framework\src\Illuminate\Routing\Pipeline.php(53): Illuminate\Pipeline\Pipeline->Illuminate\Pipeline\{closure}(Object(Illuminate\Http\Request))
#18 C:\xampp\htdocs\MariaOctober\vendor\laravel\framework\src\Illuminate\Session\Middleware\StartSession.php(63): Illuminate\Routing\Pipeline->Illuminate\Routing\{closure}(Object(Illuminate\Http\Request))
#19 C:\xampp\htdocs\MariaOctober\vendor\laravel\framework\src\Illuminate\Pipeline\Pipeline.php(149): Illuminate\Session\Middleware\StartSession->handle(Object(Illuminate\Http\Request), Object(Closure))
#20 C:\xampp\htdocs\MariaOctober\vendor\laravel\framework\src\Illuminate\Routing\Pipeline.php(53): Illuminate\Pipeline\Pipeline->Illuminate\Pipeline\{closure}(Object(Illuminate\Http\Request))
#21 C:\xampp\htdocs\MariaOctober\vendor\laravel\framework\src\Illuminate\Cookie\Middleware\AddQueuedCookiesToResponse.php(37): Illuminate\Routing\Pipeline->Illuminate\Routing\{closure}(Object(Illuminate\Http\Request))
#22 C:\xampp\htdocs\MariaOctober\vendor\laravel\framework\src\Illuminate\Pipeline\Pipeline.php(149): Illuminate\Cookie\Middleware\AddQueuedCookiesToResponse->handle(Object(Illuminate\Http\Request), Object(Closure))
#23 C:\xampp\htdocs\MariaOctober\vendor\laravel\framework\src\Illuminate\Routing\Pipeline.php(53): Illuminate\Pipeline\Pipeline->Illuminate\Pipeline\{closure}(Object(Illuminate\Http\Request))
#24 C:\xampp\htdocs\MariaOctober\vendor\laravel\framework\src\Illuminate\Cookie\Middleware\EncryptCookies.php(66): Illuminate\Routing\Pipeline->Illuminate\Routing\{closure}(Object(Illuminate\Http\Request))
#25 C:\xampp\htdocs\MariaOctober\vendor\laravel\framework\src\Illuminate\Pipeline\Pipeline.php(149): Illuminate\Cookie\Middleware\EncryptCookies->handle(Object(Illuminate\Http\Request), Object(Closure))
#26 C:\xampp\htdocs\MariaOctober\vendor\laravel\framework\src\Illuminate\Routing\Pipeline.php(53): Illuminate\Pipeline\Pipeline->Illuminate\Pipeline\{closure}(Object(Illuminate\Http\Request))
#27 C:\xampp\htdocs\MariaOctober\vendor\laravel\framework\src\Illuminate\Pipeline\Pipeline.php(102): Illuminate\Routing\Pipeline->Illuminate\Routing\{closure}(Object(Illuminate\Http\Request))
#28 C:\xampp\htdocs\MariaOctober\vendor\laravel\framework\src\Illuminate\Routing\Router.php(660): Illuminate\Pipeline\Pipeline->then(Object(Closure))
#29 C:\xampp\htdocs\MariaOctober\vendor\laravel\framework\src\Illuminate\Routing\Router.php(635): Illuminate\Routing\Router->runRouteWithinStack(Object(Illuminate\Routing\Route), Object(Illuminate\Http\Request))
#30 C:\xampp\htdocs\MariaOctober\vendor\laravel\framework\src\Illuminate\Routing\Router.php(601): Illuminate\Routing\Router->runRoute(Object(Illuminate\Http\Request), Object(Illuminate\Routing\Route))
#31 C:\xampp\htdocs\MariaOctober\vendor\october\rain\src\Router\CoreRouter.php(20): Illuminate\Routing\Router->dispatchToRoute(Object(Illuminate\Http\Request))
#32 C:\xampp\htdocs\MariaOctober\vendor\laravel\framework\src\Illuminate\Foundation\Http\Kernel.php(176): October\Rain\Router\CoreRouter->dispatch(Object(Illuminate\Http\Request))
#33 C:\xampp\htdocs\MariaOctober\vendor\laravel\framework\src\Illuminate\Routing\Pipeline.php(30): Illuminate\Foundation\Http\Kernel->Illuminate\Foundation\Http\{closure}(Object(Illuminate\Http\Request))
#34 C:\xampp\htdocs\MariaOctober\vendor\laravel\framework\src\Illuminate\Foundation\Http\Middleware\CheckForMaintenanceMode.php(46): Illuminate\Routing\Pipeline->Illuminate\Routing\{closure}(Object(Illuminate\Http\Request))
#35 C:\xampp\htdocs\MariaOctober\vendor\october\rain\src\Foundation\Http\Middleware\CheckForMaintenanceMode.php(24): Illuminate\Foundation\Http\Middleware\CheckForMaintenanceMode->handle(Object(Illuminate\Http\Request), Object(Closure))
#36 C:\xampp\htdocs\MariaOctober\vendor\laravel\framework\src\Illuminate\Pipeline\Pipeline.php(149): October\Rain\Foundation\Http\Middleware\CheckForMaintenanceMode->handle(Object(Illuminate\Http\Request), Object(Closure))
#37 C:\xampp\htdocs\MariaOctober\vendor\laravel\framework\src\Illuminate\Routing\Pipeline.php(53): Illuminate\Pipeline\Pipeline->Illuminate\Pipeline\{closure}(Object(Illuminate\Http\Request))
#38 C:\xampp\htdocs\MariaOctober\vendor\laravel\framework\src\Illuminate\Pipeline\Pipeline.php(102): Illuminate\Routing\Pipeline->Illuminate\Routing\{closure}(Object(Illuminate\Http\Request))
#39 C:\xampp\htdocs\MariaOctober\vendor\laravel\framework\src\Illuminate\Foundation\Http\Kernel.php(151): Illuminate\Pipeline\Pipeline->then(Object(Closure))
#40 C:\xampp\htdocs\MariaOctober\vendor\laravel\framework\src\Illuminate\Foundation\Http\Kernel.php(116): Illuminate\Foundation\Http\Kernel->sendRequestThroughRouter(Object(Illuminate\Http\Request))
#41 C:\xampp\htdocs\MariaOctober\index.php(43): Illuminate\Foundation\Http\Kernel->handle(Object(Illuminate\Http\Request))
#42 {main}  
[2020-06-06 19:32:34] dev.ERROR: ErrorException: file_get_contents(C:\xampp\htdocs\MariaOctober/themes/mariatheme/assets/scss/style.scss): failed to open stream: No such file or directory in C:\xampp\htdocs\MariaOctober\vendor\october\rain\src\Parse\Assetic\ScssCompiler.php:75
Stack trace:
#0 [internal function]: Illuminate\Foundation\Bootstrap\HandleExceptions->handleError(2, 'file_get_conten...', 'C:\\xampp\\htdocs...', 75, Array)
#1 C:\xampp\htdocs\MariaOctober\vendor\october\rain\src\Parse\Assetic\ScssCompiler.php(75): file_get_contents('C:\\xampp\\htdocs...')
#2 C:\xampp\htdocs\MariaOctober\modules\system\classes\CombineAssets.php(494): October\Rain\Parse\Assetic\ScssCompiler->hashAsset('C:\\xampp\\htdocs...', 'C:\\xampp\\htdocs...')
#3 C:\xampp\htdocs\MariaOctober\modules\system\classes\CombineAssets.php(818): System\Classes\CombineAssets->getDeepHashFromAssets(Array)
#4 C:\xampp\htdocs\MariaOctober\modules\system\classes\CombineAssets.php(375): System\Classes\CombineAssets->getCacheKey(Array)
#5 C:\xampp\htdocs\MariaOctober\modules\system\classes\CombineAssets.php(183): System\Classes\CombineAssets->prepareRequest(Array, 'C:\\xampp\\htdocs...')
#6 C:\xampp\htdocs\MariaOctober\modules\cms\classes\Controller.php(1377): System\Classes\CombineAssets::combine(Array, 'C:\\xampp\\htdocs...')
#7 C:\xampp\htdocs\MariaOctober\modules\cms\twig\Extension.php(172): Cms\Classes\Controller->themeUrl(Array)
#8 C:\xampp\htdocs\MariaOctober\storage\cms\twig\3d\3de54404984b7eede2238d61ca88de475bd10c41f8b402747233e209a5e4f90b.php(100): Cms\Twig\Extension->themeFilter(Array)
#9 C:\xampp\htdocs\MariaOctober\vendor\twig\twig\src\Template.php(407): __TwigTemplate_4a4967bff451b2a7e69fc00f024a64c30182f9759809d6b6cabadcd9768e8e55->doDisplay(Array, Array)
#10 C:\xampp\htdocs\MariaOctober\vendor\twig\twig\src\Template.php(380): Twig\Template->displayWithErrorHandling(Array, Array)
#11 C:\xampp\htdocs\MariaOctober\vendor\twig\twig\src\Template.php(392): Twig\Template->display(Array)
#12 C:\xampp\htdocs\MariaOctober\modules\cms\classes\Controller.php(433): Twig\Template->render(Array)
#13 C:\xampp\htdocs\MariaOctober\modules\cms\classes\Controller.php(223): Cms\Classes\Controller->runPage(Object(Cms\Classes\Page))
#14 C:\xampp\htdocs\MariaOctober\modules\cms\classes\CmsController.php(50): Cms\Classes\Controller->run('/')
#15 [internal function]: Cms\Classes\CmsController->run('/')
#16 C:\xampp\htdocs\MariaOctober\vendor\laravel\framework\src\Illuminate\Routing\Controller.php(54): call_user_func_array(Array, Array)
#17 C:\xampp\htdocs\MariaOctober\vendor\laravel\framework\src\Illuminate\Routing\ControllerDispatcher.php(45): Illuminate\Routing\Controller->callAction('run', Array)
#18 C:\xampp\htdocs\MariaOctober\vendor\laravel\framework\src\Illuminate\Routing\Route.php(212): Illuminate\Routing\ControllerDispatcher->dispatch(Object(Illuminate\Routing\Route), Object(Cms\Classes\CmsController), 'run')
#19 C:\xampp\htdocs\MariaOctober\vendor\laravel\framework\src\Illuminate\Routing\Route.php(169): Illuminate\Routing\Route->runController()
#20 C:\xampp\htdocs\MariaOctober\vendor\laravel\framework\src\Illuminate\Routing\Router.php(658): Illuminate\Routing\Route->run()
#21 C:\xampp\htdocs\MariaOctober\vendor\laravel\framework\src\Illuminate\Routing\Pipeline.php(30): Illuminate\Routing\Router->Illuminate\Routing\{closure}(Object(Illuminate\Http\Request))
#22 C:\xampp\htdocs\MariaOctober\vendor\laravel\framework\src\Illuminate\Routing\Middleware\SubstituteBindings.php(41): Illuminate\Routing\Pipeline->Illuminate\Routing\{closure}(Object(Illuminate\Http\Request))
#23 C:\xampp\htdocs\MariaOctober\vendor\laravel\framework\src\Illuminate\Pipeline\Pipeline.php(149): Illuminate\Routing\Middleware\SubstituteBindings->handle(Object(Illuminate\Http\Request), Object(Closure))
#24 C:\xampp\htdocs\MariaOctober\vendor\laravel\framework\src\Illuminate\Routing\Pipeline.php(53): Illuminate\Pipeline\Pipeline->Illuminate\Pipeline\{closure}(Object(Illuminate\Http\Request))
#25 C:\xampp\htdocs\MariaOctober\vendor\laravel\framework\src\Illuminate\View\Middleware\ShareErrorsFromSession.php(49): Illuminate\Routing\Pipeline->Illuminate\Routing\{closure}(Object(Illuminate\Http\Request))
#26 C:\xampp\htdocs\MariaOctober\vendor\laravel\framework\src\Illuminate\Pipeline\Pipeline.php(149): Illuminate\View\Middleware\ShareErrorsFromSession->handle(Object(Illuminate\Http\Request), Object(Closure))
#27 C:\xampp\htdocs\MariaOctober\vendor\laravel\framework\src\Illuminate\Routing\Pipeline.php(53): Illuminate\Pipeline\Pipeline->Illuminate\Pipeline\{closure}(Object(Illuminate\Http\Request))
#28 C:\xampp\htdocs\MariaOctober\vendor\laravel\framework\src\Illuminate\Session\Middleware\StartSession.php(63): Illuminate\Routing\Pipeline->Illuminate\Routing\{closure}(Object(Illuminate\Http\Request))
#29 C:\xampp\htdocs\MariaOctober\vendor\laravel\framework\src\Illuminate\Pipeline\Pipeline.php(149): Illuminate\Session\Middleware\StartSession->handle(Object(Illuminate\Http\Request), Object(Closure))
#30 C:\xampp\htdocs\MariaOctober\vendor\laravel\framework\src\Illuminate\Routing\Pipeline.php(53): Illuminate\Pipeline\Pipeline->Illuminate\Pipeline\{closure}(Object(Illuminate\Http\Request))
#31 C:\xampp\htdocs\MariaOctober\vendor\laravel\framework\src\Illuminate\Cookie\Middleware\AddQueuedCookiesToResponse.php(37): Illuminate\Routing\Pipeline->Illuminate\Routing\{closure}(Object(Illuminate\Http\Request))
#32 C:\xampp\htdocs\MariaOctober\vendor\laravel\framework\src\Illuminate\Pipeline\Pipeline.php(149): Illuminate\Cookie\Middleware\AddQueuedCookiesToResponse->handle(Object(Illuminate\Http\Request), Object(Closure))
#33 C:\xampp\htdocs\MariaOctober\vendor\laravel\framework\src\Illuminate\Routing\Pipeline.php(53): Illuminate\Pipeline\Pipeline->Illuminate\Pipeline\{closure}(Object(Illuminate\Http\Request))
#34 C:\xampp\htdocs\MariaOctober\vendor\laravel\framework\src\Illuminate\Cookie\Middleware\EncryptCookies.php(66): Illuminate\Routing\Pipeline->Illuminate\Routing\{closure}(Object(Illuminate\Http\Request))
#35 C:\xampp\htdocs\MariaOctober\vendor\laravel\framework\src\Illuminate\Pipeline\Pipeline.php(149): Illuminate\Cookie\Middleware\EncryptCookies->handle(Object(Illuminate\Http\Request), Object(Closure))
#36 C:\xampp\htdocs\MariaOctober\vendor\laravel\framework\src\Illuminate\Routing\Pipeline.php(53): Illuminate\Pipeline\Pipeline->Illuminate\Pipeline\{closure}(Object(Illuminate\Http\Request))
#37 C:\xampp\htdocs\MariaOctober\vendor\laravel\framework\src\Illuminate\Pipeline\Pipeline.php(102): Illuminate\Routing\Pipeline->Illuminate\Routing\{closure}(Object(Illuminate\Http\Request))
#38 C:\xampp\htdocs\MariaOctober\vendor\laravel\framework\src\Illuminate\Routing\Router.php(660): Illuminate\Pipeline\Pipeline->then(Object(Closure))
#39 C:\xampp\htdocs\MariaOctober\vendor\laravel\framework\src\Illuminate\Routing\Router.php(635): Illuminate\Routing\Router->runRouteWithinStack(Object(Illuminate\Routing\Route), Object(Illuminate\Http\Request))
#40 C:\xampp\htdocs\MariaOctober\vendor\laravel\framework\src\Illuminate\Routing\Router.php(601): Illuminate\Routing\Router->runRoute(Object(Illuminate\Http\Request), Object(Illuminate\Routing\Route))
#41 C:\xampp\htdocs\MariaOctober\vendor\october\rain\src\Router\CoreRouter.php(20): Illuminate\Routing\Router->dispatchToRoute(Object(Illuminate\Http\Request))
#42 C:\xampp\htdocs\MariaOctober\vendor\laravel\framework\src\Illuminate\Foundation\Http\Kernel.php(176): October\Rain\Router\CoreRouter->dispatch(Object(Illuminate\Http\Request))
#43 C:\xampp\htdocs\MariaOctober\vendor\laravel\framework\src\Illuminate\Routing\Pipeline.php(30): Illuminate\Foundation\Http\Kernel->Illuminate\Foundation\Http\{closure}(Object(Illuminate\Http\Request))
#44 C:\xampp\htdocs\MariaOctober\vendor\laravel\framework\src\Illuminate\Foundation\Http\Middleware\CheckForMaintenanceMode.php(46): Illuminate\Routing\Pipeline->Illuminate\Routing\{closure}(Object(Illuminate\Http\Request))
#45 C:\xampp\htdocs\MariaOctober\vendor\october\rain\src\Foundation\Http\Middleware\CheckForMaintenanceMode.php(24): Illuminate\Foundation\Http\Middleware\CheckForMaintenanceMode->handle(Object(Illuminate\Http\Request), Object(Closure))
#46 C:\xampp\htdocs\MariaOctober\vendor\laravel\framework\src\Illuminate\Pipeline\Pipeline.php(149): October\Rain\Foundation\Http\Middleware\CheckForMaintenanceMode->handle(Object(Illuminate\Http\Request), Object(Closure))
#47 C:\xampp\htdocs\MariaOctober\vendor\laravel\framework\src\Illuminate\Routing\Pipeline.php(53): Illuminate\Pipeline\Pipeline->Illuminate\Pipeline\{closure}(Object(Illuminate\Http\Request))
#48 C:\xampp\htdocs\MariaOctober\vendor\laravel\framework\src\Illuminate\Pipeline\Pipeline.php(102): Illuminate\Routing\Pipeline->Illuminate\Routing\{closure}(Object(Illuminate\Http\Request))
#49 C:\xampp\htdocs\MariaOctober\vendor\laravel\framework\src\Illuminate\Foundation\Http\Kernel.php(151): Illuminate\Pipeline\Pipeline->then(Object(Closure))
#50 C:\xampp\htdocs\MariaOctober\vendor\laravel\framework\src\Illuminate\Foundation\Http\Kernel.php(116): Illuminate\Foundation\Http\Kernel->sendRequestThroughRouter(Object(Illuminate\Http\Request))
#51 C:\xampp\htdocs\MariaOctober\index.php(43): Illuminate\Foundation\Http\Kernel->handle(Object(Illuminate\Http\Request))
#52 {main}

Next Twig\Error\RuntimeError: An exception has been thrown during the rendering of a template ("file_get_contents(C:\xampp\htdocs\MariaOctober/themes/mariatheme/assets/scss/style.scss): failed to open stream: No such file or directory") in "C:\xampp\htdocs\MariaOctober/themes/mariatheme/layouts/default.htm" at line 27. in C:\xampp\htdocs\MariaOctober\vendor\twig\twig\src\Template.php:421
Stack trace:
#0 C:\xampp\htdocs\MariaOctober\vendor\twig\twig\src\Template.php(380): Twig\Template->displayWithErrorHandling(Array, Array)
#1 C:\xampp\htdocs\MariaOctober\vendor\twig\twig\src\Template.php(392): Twig\Template->display(Array)
#2 C:\xampp\htdocs\MariaOctober\modules\cms\classes\Controller.php(433): Twig\Template->render(Array)
#3 C:\xampp\htdocs\MariaOctober\modules\cms\classes\Controller.php(223): Cms\Classes\Controller->runPage(Object(Cms\Classes\Page))
#4 C:\xampp\htdocs\MariaOctober\modules\cms\classes\CmsController.php(50): Cms\Classes\Controller->run('/')
#5 [internal function]: Cms\Classes\CmsController->run('/')
#6 C:\xampp\htdocs\MariaOctober\vendor\laravel\framework\src\Illuminate\Routing\Controller.php(54): call_user_func_array(Array, Array)
#7 C:\xampp\htdocs\MariaOctober\vendor\laravel\framework\src\Illuminate\Routing\ControllerDispatcher.php(45): Illuminate\Routing\Controller->callAction('run', Array)
#8 C:\xampp\htdocs\MariaOctober\vendor\laravel\framework\src\Illuminate\Routing\Route.php(212): Illuminate\Routing\ControllerDispatcher->dispatch(Object(Illuminate\Routing\Route), Object(Cms\Classes\CmsController), 'run')
#9 C:\xampp\htdocs\MariaOctober\vendor\laravel\framework\src\Illuminate\Routing\Route.php(169): Illuminate\Routing\Route->runController()
#10 C:\xampp\htdocs\MariaOctober\vendor\laravel\framework\src\Illuminate\Routing\Router.php(658): Illuminate\Routing\Route->run()
#11 C:\xampp\htdocs\MariaOctober\vendor\laravel\framework\src\Illuminate\Routing\Pipeline.php(30): Illuminate\Routing\Router->Illuminate\Routing\{closure}(Object(Illuminate\Http\Request))
#12 C:\xampp\htdocs\MariaOctober\vendor\laravel\framework\src\Illuminate\Routing\Middleware\SubstituteBindings.php(41): Illuminate\Routing\Pipeline->Illuminate\Routing\{closure}(Object(Illuminate\Http\Request))
#13 C:\xampp\htdocs\MariaOctober\vendor\laravel\framework\src\Illuminate\Pipeline\Pipeline.php(149): Illuminate\Routing\Middleware\SubstituteBindings->handle(Object(Illuminate\Http\Request), Object(Closure))
#14 C:\xampp\htdocs\MariaOctober\vendor\laravel\framework\src\Illuminate\Routing\Pipeline.php(53): Illuminate\Pipeline\Pipeline->Illuminate\Pipeline\{closure}(Object(Illuminate\Http\Request))
#15 C:\xampp\htdocs\MariaOctober\vendor\laravel\framework\src\Illuminate\View\Middleware\ShareErrorsFromSession.php(49): Illuminate\Routing\Pipeline->Illuminate\Routing\{closure}(Object(Illuminate\Http\Request))
#16 C:\xampp\htdocs\MariaOctober\vendor\laravel\framework\src\Illuminate\Pipeline\Pipeline.php(149): Illuminate\View\Middleware\ShareErrorsFromSession->handle(Object(Illuminate\Http\Request), Object(Closure))
#17 C:\xampp\htdocs\MariaOctober\vendor\laravel\framework\src\Illuminate\Routing\Pipeline.php(53): Illuminate\Pipeline\Pipeline->Illuminate\Pipeline\{closure}(Object(Illuminate\Http\Request))
#18 C:\xampp\htdocs\MariaOctober\vendor\laravel\framework\src\Illuminate\Session\Middleware\StartSession.php(63): Illuminate\Routing\Pipeline->Illuminate\Routing\{closure}(Object(Illuminate\Http\Request))
#19 C:\xampp\htdocs\MariaOctober\vendor\laravel\framework\src\Illuminate\Pipeline\Pipeline.php(149): Illuminate\Session\Middleware\StartSession->handle(Object(Illuminate\Http\Request), Object(Closure))
#20 C:\xampp\htdocs\MariaOctober\vendor\laravel\framework\src\Illuminate\Routing\Pipeline.php(53): Illuminate\Pipeline\Pipeline->Illuminate\Pipeline\{closure}(Object(Illuminate\Http\Request))
#21 C:\xampp\htdocs\MariaOctober\vendor\laravel\framework\src\Illuminate\Cookie\Middleware\AddQueuedCookiesToResponse.php(37): Illuminate\Routing\Pipeline->Illuminate\Routing\{closure}(Object(Illuminate\Http\Request))
#22 C:\xampp\htdocs\MariaOctober\vendor\laravel\framework\src\Illuminate\Pipeline\Pipeline.php(149): Illuminate\Cookie\Middleware\AddQueuedCookiesToResponse->handle(Object(Illuminate\Http\Request), Object(Closure))
#23 C:\xampp\htdocs\MariaOctober\vendor\laravel\framework\src\Illuminate\Routing\Pipeline.php(53): Illuminate\Pipeline\Pipeline->Illuminate\Pipeline\{closure}(Object(Illuminate\Http\Request))
#24 C:\xampp\htdocs\MariaOctober\vendor\laravel\framework\src\Illuminate\Cookie\Middleware\EncryptCookies.php(66): Illuminate\Routing\Pipeline->Illuminate\Routing\{closure}(Object(Illuminate\Http\Request))
#25 C:\xampp\htdocs\MariaOctober\vendor\laravel\framework\src\Illuminate\Pipeline\Pipeline.php(149): Illuminate\Cookie\Middleware\EncryptCookies->handle(Object(Illuminate\Http\Request), Object(Closure))
#26 C:\xampp\htdocs\MariaOctober\vendor\laravel\framework\src\Illuminate\Routing\Pipeline.php(53): Illuminate\Pipeline\Pipeline->Illuminate\Pipeline\{closure}(Object(Illuminate\Http\Request))
#27 C:\xampp\htdocs\MariaOctober\vendor\laravel\framework\src\Illuminate\Pipeline\Pipeline.php(102): Illuminate\Routing\Pipeline->Illuminate\Routing\{closure}(Object(Illuminate\Http\Request))
#28 C:\xampp\htdocs\MariaOctober\vendor\laravel\framework\src\Illuminate\Routing\Router.php(660): Illuminate\Pipeline\Pipeline->then(Object(Closure))
#29 C:\xampp\htdocs\MariaOctober\vendor\laravel\framework\src\Illuminate\Routing\Router.php(635): Illuminate\Routing\Router->runRouteWithinStack(Object(Illuminate\Routing\Route), Object(Illuminate\Http\Request))
#30 C:\xampp\htdocs\MariaOctober\vendor\laravel\framework\src\Illuminate\Routing\Router.php(601): Illuminate\Routing\Router->runRoute(Object(Illuminate\Http\Request), Object(Illuminate\Routing\Route))
#31 C:\xampp\htdocs\MariaOctober\vendor\october\rain\src\Router\CoreRouter.php(20): Illuminate\Routing\Router->dispatchToRoute(Object(Illuminate\Http\Request))
#32 C:\xampp\htdocs\MariaOctober\vendor\laravel\framework\src\Illuminate\Foundation\Http\Kernel.php(176): October\Rain\Router\CoreRouter->dispatch(Object(Illuminate\Http\Request))
#33 C:\xampp\htdocs\MariaOctober\vendor\laravel\framework\src\Illuminate\Routing\Pipeline.php(30): Illuminate\Foundation\Http\Kernel->Illuminate\Foundation\Http\{closure}(Object(Illuminate\Http\Request))
#34 C:\xampp\htdocs\MariaOctober\vendor\laravel\framework\src\Illuminate\Foundation\Http\Middleware\CheckForMaintenanceMode.php(46): Illuminate\Routing\Pipeline->Illuminate\Routing\{closure}(Object(Illuminate\Http\Request))
#35 C:\xampp\htdocs\MariaOctober\vendor\october\rain\src\Foundation\Http\Middleware\CheckForMaintenanceMode.php(24): Illuminate\Foundation\Http\Middleware\CheckForMaintenanceMode->handle(Object(Illuminate\Http\Request), Object(Closure))
#36 C:\xampp\htdocs\MariaOctober\vendor\laravel\framework\src\Illuminate\Pipeline\Pipeline.php(149): October\Rain\Foundation\Http\Middleware\CheckForMaintenanceMode->handle(Object(Illuminate\Http\Request), Object(Closure))
#37 C:\xampp\htdocs\MariaOctober\vendor\laravel\framework\src\Illuminate\Routing\Pipeline.php(53): Illuminate\Pipeline\Pipeline->Illuminate\Pipeline\{closure}(Object(Illuminate\Http\Request))
#38 C:\xampp\htdocs\MariaOctober\vendor\laravel\framework\src\Illuminate\Pipeline\Pipeline.php(102): Illuminate\Routing\Pipeline->Illuminate\Routing\{closure}(Object(Illuminate\Http\Request))
#39 C:\xampp\htdocs\MariaOctober\vendor\laravel\framework\src\Illuminate\Foundation\Http\Kernel.php(151): Illuminate\Pipeline\Pipeline->then(Object(Closure))
#40 C:\xampp\htdocs\MariaOctober\vendor\laravel\framework\src\Illuminate\Foundation\Http\Kernel.php(116): Illuminate\Foundation\Http\Kernel->sendRequestThroughRouter(Object(Illuminate\Http\Request))
#41 C:\xampp\htdocs\MariaOctober\index.php(43): Illuminate\Foundation\Http\Kernel->handle(Object(Illuminate\Http\Request))
#42 {main}  
[2020-06-06 19:32:59] dev.ERROR: Twig\Error\SyntaxError: Unexpected end of template in "C:\xampp\htdocs\MariaOctober/themes/mariatheme/partials/_addons/js.htm" at line 60. in C:\xampp\htdocs\MariaOctober\vendor\twig\twig\src\TokenStream.php:50
Stack trace:
#0 C:\xampp\htdocs\MariaOctober\vendor\twig\twig\src\TokenParser\IfTokenParser.php(45): Twig\TokenStream->next()
#1 C:\xampp\htdocs\MariaOctober\vendor\twig\twig\src\Parser.php(185): Twig\TokenParser\IfTokenParser->parse(Object(Twig\Token))
#2 C:\xampp\htdocs\MariaOctober\vendor\twig\twig\src\Parser.php(98): Twig\Parser->subparse(NULL, false)
#3 C:\xampp\htdocs\MariaOctober\vendor\twig\twig\src\Environment.php(563): Twig\Parser->parse(Object(Twig\TokenStream))
#4 C:\xampp\htdocs\MariaOctober\vendor\twig\twig\src\Environment.php(595): Twig\Environment->parse(Object(Twig\TokenStream))
#5 C:\xampp\htdocs\MariaOctober\vendor\twig\twig\src\Environment.php(408): Twig\Environment->compileSource(Object(Twig\Source))
#6 C:\xampp\htdocs\MariaOctober\vendor\twig\twig\src\Environment.php(381): Twig\Environment->loadClass('__TwigTemplate_...', 'C:\\xampp\\htdocs...', NULL)
#7 C:\xampp\htdocs\MariaOctober\modules\cms\classes\Controller.php(1084): Twig\Environment->loadTemplate('C:\\xampp\\htdocs...')
#8 C:\xampp\htdocs\MariaOctober\modules\cms\twig\Extension.php(102): Cms\Classes\Controller->renderPartial('_addons/js', Array, true)
#9 C:\xampp\htdocs\MariaOctober\storage\cms\twig\3d\3de54404984b7eede2238d61ca88de475bd10c41f8b402747233e209a5e4f90b.php(170): Cms\Twig\Extension->partialFunction('_addons/js', Array, true)
#10 C:\xampp\htdocs\MariaOctober\vendor\twig\twig\src\Template.php(407): __TwigTemplate_4a4967bff451b2a7e69fc00f024a64c30182f9759809d6b6cabadcd9768e8e55->doDisplay(Array, Array)
#11 C:\xampp\htdocs\MariaOctober\vendor\twig\twig\src\Template.php(380): Twig\Template->displayWithErrorHandling(Array, Array)
#12 C:\xampp\htdocs\MariaOctober\vendor\twig\twig\src\Template.php(392): Twig\Template->display(Array)
#13 C:\xampp\htdocs\MariaOctober\modules\cms\classes\Controller.php(433): Twig\Template->render(Array)
#14 C:\xampp\htdocs\MariaOctober\modules\cms\classes\Controller.php(223): Cms\Classes\Controller->runPage(Object(Cms\Classes\Page))
#15 C:\xampp\htdocs\MariaOctober\modules\cms\classes\CmsController.php(50): Cms\Classes\Controller->run('/')
#16 [internal function]: Cms\Classes\CmsController->run('/')
#17 C:\xampp\htdocs\MariaOctober\vendor\laravel\framework\src\Illuminate\Routing\Controller.php(54): call_user_func_array(Array, Array)
#18 C:\xampp\htdocs\MariaOctober\vendor\laravel\framework\src\Illuminate\Routing\ControllerDispatcher.php(45): Illuminate\Routing\Controller->callAction('run', Array)
#19 C:\xampp\htdocs\MariaOctober\vendor\laravel\framework\src\Illuminate\Routing\Route.php(212): Illuminate\Routing\ControllerDispatcher->dispatch(Object(Illuminate\Routing\Route), Object(Cms\Classes\CmsController), 'run')
#20 C:\xampp\htdocs\MariaOctober\vendor\laravel\framework\src\Illuminate\Routing\Route.php(169): Illuminate\Routing\Route->runController()
#21 C:\xampp\htdocs\MariaOctober\vendor\laravel\framework\src\Illuminate\Routing\Router.php(658): Illuminate\Routing\Route->run()
#22 C:\xampp\htdocs\MariaOctober\vendor\laravel\framework\src\Illuminate\Routing\Pipeline.php(30): Illuminate\Routing\Router->Illuminate\Routing\{closure}(Object(Illuminate\Http\Request))
#23 C:\xampp\htdocs\MariaOctober\vendor\laravel\framework\src\Illuminate\Routing\Middleware\SubstituteBindings.php(41): Illuminate\Routing\Pipeline->Illuminate\Routing\{closure}(Object(Illuminate\Http\Request))
#24 C:\xampp\htdocs\MariaOctober\vendor\laravel\framework\src\Illuminate\Pipeline\Pipeline.php(149): Illuminate\Routing\Middleware\SubstituteBindings->handle(Object(Illuminate\Http\Request), Object(Closure))
#25 C:\xampp\htdocs\MariaOctober\vendor\laravel\framework\src\Illuminate\Routing\Pipeline.php(53): Illuminate\Pipeline\Pipeline->Illuminate\Pipeline\{closure}(Object(Illuminate\Http\Request))
#26 C:\xampp\htdocs\MariaOctober\vendor\laravel\framework\src\Illuminate\View\Middleware\ShareErrorsFromSession.php(49): Illuminate\Routing\Pipeline->Illuminate\Routing\{closure}(Object(Illuminate\Http\Request))
#27 C:\xampp\htdocs\MariaOctober\vendor\laravel\framework\src\Illuminate\Pipeline\Pipeline.php(149): Illuminate\View\Middleware\ShareErrorsFromSession->handle(Object(Illuminate\Http\Request), Object(Closure))
#28 C:\xampp\htdocs\MariaOctober\vendor\laravel\framework\src\Illuminate\Routing\Pipeline.php(53): Illuminate\Pipeline\Pipeline->Illuminate\Pipeline\{closure}(Object(Illuminate\Http\Request))
#29 C:\xampp\htdocs\MariaOctober\vendor\laravel\framework\src\Illuminate\Session\Middleware\StartSession.php(63): Illuminate\Routing\Pipeline->Illuminate\Routing\{closure}(Object(Illuminate\Http\Request))
#30 C:\xampp\htdocs\MariaOctober\vendor\laravel\framework\src\Illuminate\Pipeline\Pipeline.php(149): Illuminate\Session\Middleware\StartSession->handle(Object(Illuminate\Http\Request), Object(Closure))
#31 C:\xampp\htdocs\MariaOctober\vendor\laravel\framework\src\Illuminate\Routing\Pipeline.php(53): Illuminate\Pipeline\Pipeline->Illuminate\Pipeline\{closure}(Object(Illuminate\Http\Request))
#32 C:\xampp\htdocs\MariaOctober\vendor\laravel\framework\src\Illuminate\Cookie\Middleware\AddQueuedCookiesToResponse.php(37): Illuminate\Routing\Pipeline->Illuminate\Routing\{closure}(Object(Illuminate\Http\Request))
#33 C:\xampp\htdocs\MariaOctober\vendor\laravel\framework\src\Illuminate\Pipeline\Pipeline.php(149): Illuminate\Cookie\Middleware\AddQueuedCookiesToResponse->handle(Object(Illuminate\Http\Request), Object(Closure))
#34 C:\xampp\htdocs\MariaOctober\vendor\laravel\framework\src\Illuminate\Routing\Pipeline.php(53): Illuminate\Pipeline\Pipeline->Illuminate\Pipeline\{closure}(Object(Illuminate\Http\Request))
#35 C:\xampp\htdocs\MariaOctober\vendor\laravel\framework\src\Illuminate\Cookie\Middleware\EncryptCookies.php(66): Illuminate\Routing\Pipeline->Illuminate\Routing\{closure}(Object(Illuminate\Http\Request))
#36 C:\xampp\htdocs\MariaOctober\vendor\laravel\framework\src\Illuminate\Pipeline\Pipeline.php(149): Illuminate\Cookie\Middleware\EncryptCookies->handle(Object(Illuminate\Http\Request), Object(Closure))
#37 C:\xampp\htdocs\MariaOctober\vendor\laravel\framework\src\Illuminate\Routing\Pipeline.php(53): Illuminate\Pipeline\Pipeline->Illuminate\Pipeline\{closure}(Object(Illuminate\Http\Request))
#38 C:\xampp\htdocs\MariaOctober\vendor\laravel\framework\src\Illuminate\Pipeline\Pipeline.php(102): Illuminate\Routing\Pipeline->Illuminate\Routing\{closure}(Object(Illuminate\Http\Request))
#39 C:\xampp\htdocs\MariaOctober\vendor\laravel\framework\src\Illuminate\Routing\Router.php(660): Illuminate\Pipeline\Pipeline->then(Object(Closure))
#40 C:\xampp\htdocs\MariaOctober\vendor\laravel\framework\src\Illuminate\Routing\Router.php(635): Illuminate\Routing\Router->runRouteWithinStack(Object(Illuminate\Routing\Route), Object(Illuminate\Http\Request))
#41 C:\xampp\htdocs\MariaOctober\vendor\laravel\framework\src\Illuminate\Routing\Router.php(601): Illuminate\Routing\Router->runRoute(Object(Illuminate\Http\Request), Object(Illuminate\Routing\Route))
#42 C:\xampp\htdocs\MariaOctober\vendor\october\rain\src\Router\CoreRouter.php(20): Illuminate\Routing\Router->dispatchToRoute(Object(Illuminate\Http\Request))
#43 C:\xampp\htdocs\MariaOctober\vendor\laravel\framework\src\Illuminate\Foundation\Http\Kernel.php(176): October\Rain\Router\CoreRouter->dispatch(Object(Illuminate\Http\Request))
#44 C:\xampp\htdocs\MariaOctober\vendor\laravel\framework\src\Illuminate\Routing\Pipeline.php(30): Illuminate\Foundation\Http\Kernel->Illuminate\Foundation\Http\{closure}(Object(Illuminate\Http\Request))
#45 C:\xampp\htdocs\MariaOctober\vendor\laravel\framework\src\Illuminate\Foundation\Http\Middleware\CheckForMaintenanceMode.php(46): Illuminate\Routing\Pipeline->Illuminate\Routing\{closure}(Object(Illuminate\Http\Request))
#46 C:\xampp\htdocs\MariaOctober\vendor\october\rain\src\Foundation\Http\Middleware\CheckForMaintenanceMode.php(24): Illuminate\Foundation\Http\Middleware\CheckForMaintenanceMode->handle(Object(Illuminate\Http\Request), Object(Closure))
#47 C:\xampp\htdocs\MariaOctober\vendor\laravel\framework\src\Illuminate\Pipeline\Pipeline.php(149): October\Rain\Foundation\Http\Middleware\CheckForMaintenanceMode->handle(Object(Illuminate\Http\Request), Object(Closure))
#48 C:\xampp\htdocs\MariaOctober\vendor\laravel\framework\src\Illuminate\Routing\Pipeline.php(53): Illuminate\Pipeline\Pipeline->Illuminate\Pipeline\{closure}(Object(Illuminate\Http\Request))
#49 C:\xampp\htdocs\MariaOctober\vendor\laravel\framework\src\Illuminate\Pipeline\Pipeline.php(102): Illuminate\Routing\Pipeline->Illuminate\Routing\{closure}(Object(Illuminate\Http\Request))
#50 C:\xampp\htdocs\MariaOctober\vendor\laravel\framework\src\Illuminate\Foundation\Http\Kernel.php(151): Illuminate\Pipeline\Pipeline->then(Object(Closure))
#51 C:\xampp\htdocs\MariaOctober\vendor\laravel\framework\src\Illuminate\Foundation\Http\Kernel.php(116): Illuminate\Foundation\Http\Kernel->sendRequestThroughRouter(Object(Illuminate\Http\Request))
#52 C:\xampp\htdocs\MariaOctober\index.php(43): Illuminate\Foundation\Http\Kernel->handle(Object(Illuminate\Http\Request))
#53 {main}  
